[INFO][LEXER]LINE:	1	VALUE:	//		TOKEN:	T_SINGLE_LINE_COMMENT
[INFO][LEXER]LINE:	3	VALUE:	//		TOKEN:	T_SINGLE_LINE_COMMENT
[INFO][LEXER]LINE:	4	VALUE:	//		TOKEN:	T_SINGLE_LINE_COMMENT
[INFO][LEXER]LINE:	6	VALUE:	//		TOKEN:	T_SINGLE_LINE_COMMENT
[INFO][LEXER]LINE:	9	VALUE:	/*		TOKEN:	T_MULTIPLE_LINE_COMMENT_START
[INFO][LEXER]LINE:	11	VALUE:	*/		TOKEN:	T_MULTIPLE_LINE_COMMENT_END
[INFO][LEXER]LINE:	15	VALUE:	//		TOKEN:	T_SINGLE_LINE_COMMENT
[INFO][LEXER]LINE:	19	VALUE:	//		TOKEN:	T_SINGLE_LINE_COMMENT
[INFO][LEXER]LINE:	21	VALUE:	/*		TOKEN:	T_MULTIPLE_LINE_COMMENT_START
[INFO][LEXER]LINE:	23	VALUE:	/*		TOKEN:	T_NESTED_MULTIPLE_LINE_COMMENT_START LEVEL:	1
[INFO][LEXER]LINE:	25	VALUE:	*/		TOKEN:	T_NESTED_MULTIPLE_LINE_COMMENT_END LEVEL:	1
[INFO][LEXER]LINE:	26	VALUE:	*/		TOKEN:	T_MULTIPLE_LINE_COMMENT_END
[INFO][LEXER]LINE:	30	VALUE:	//		TOKEN:	T_SINGLE_LINE_COMMENT
[INFO][LEXER]LINE:	32	VALUE:	/*		TOKEN:	T_MULTIPLE_LINE_COMMENT_START
[INFO][LEXER]LINE:	34	VALUE:	/*		TOKEN:	T_NESTED_MULTIPLE_LINE_COMMENT_START LEVEL:	1
[INFO][LEXER]LINE:	36	VALUE:	/*		TOKEN:	T_NESTED_MULTIPLE_LINE_COMMENT_START LEVEL:	2
[INFO][LEXER]LINE:	38	VALUE:	*/		TOKEN:	T_NESTED_MULTIPLE_LINE_COMMENT_END LEVEL:	2
[INFO][LEXER]LINE:	39	VALUE:	*/		TOKEN:	T_NESTED_MULTIPLE_LINE_COMMENT_END LEVEL:	1
[INFO][LEXER]LINE:	40	VALUE:	*/		TOKEN:	T_MULTIPLE_LINE_COMMENT_END
[INFO][LEXER]LINE:	42	VALUE:	/*		TOKEN:	T_MULTIPLE_LINE_COMMENT_START
[INFO][LEXER]LINE:	44	VALUE:	/*		TOKEN:	T_NESTED_MULTIPLE_LINE_COMMENT_START LEVEL:	1
[INFO][LEXER]LINE:	46	VALUE:	/*		TOKEN:	T_NESTED_MULTIPLE_LINE_COMMENT_START LEVEL:	2
[INFO][LEXER]LINE:	48	VALUE:	/*		TOKEN:	T_NESTED_MULTIPLE_LINE_COMMENT_START LEVEL:	3
[INFO][LEXER]LINE:	50	VALUE:	*/		TOKEN:	T_NESTED_MULTIPLE_LINE_COMMENT_END LEVEL:	3
[INFO][LEXER]LINE:	51	VALUE:	*/		TOKEN:	T_NESTED_MULTIPLE_LINE_COMMENT_END LEVEL:	2
[INFO][LEXER]LINE:	52	VALUE:	*/		TOKEN:	T_NESTED_MULTIPLE_LINE_COMMENT_END LEVEL:	1
[INFO][LEXER]LINE:	53	VALUE:	/*		TOKEN:	T_NESTED_MULTIPLE_LINE_COMMENT_START LEVEL:	1
[INFO][LEXER]LINE:	55	VALUE:	/*		TOKEN:	T_NESTED_MULTIPLE_LINE_COMMENT_START LEVEL:	2
[INFO][LEXER]LINE:	57	VALUE:	/*		TOKEN:	T_NESTED_MULTIPLE_LINE_COMMENT_START LEVEL:	3
[INFO][LEXER]LINE:	59	VALUE:	*/		TOKEN:	T_NESTED_MULTIPLE_LINE_COMMENT_END LEVEL:	3
[INFO][LEXER]LINE:	60	VALUE:	*/		TOKEN:	T_NESTED_MULTIPLE_LINE_COMMENT_END LEVEL:	2
[INFO][LEXER]LINE:	61	VALUE:	*/		TOKEN:	T_NESTED_MULTIPLE_LINE_COMMENT_END LEVEL:	1
[INFO][LEXER]LINE:	62	VALUE:	*/		TOKEN:	T_MULTIPLE_LINE_COMMENT_END
[INFO][LEXER]LINE:	64	VALUE:	/*		TOKEN:	T_MULTIPLE_LINE_COMMENT_START
[INFO][LEXER]LINE:	66	VALUE:	/*		TOKEN:	T_NESTED_MULTIPLE_LINE_COMMENT_START LEVEL:	1
[INFO][LEXER]LINE:	68	VALUE:	/*		TOKEN:	T_NESTED_MULTIPLE_LINE_COMMENT_START LEVEL:	2
[INFO][LEXER]LINE:	70	VALUE:	/*		TOKEN:	T_NESTED_MULTIPLE_LINE_COMMENT_START LEVEL:	3
[INFO][LEXER]LINE:	72	VALUE:	/*		TOKEN:	T_NESTED_MULTIPLE_LINE_COMMENT_START LEVEL:	4
[INFO][LEXER]LINE:	74	VALUE:	/*		TOKEN:	T_NESTED_MULTIPLE_LINE_COMMENT_START LEVEL:	5
[INFO][LEXER]LINE:	76	VALUE:	/*		TOKEN:	T_NESTED_MULTIPLE_LINE_COMMENT_START LEVEL:	6
[INFO][LEXER]LINE:	78	VALUE:	*/		TOKEN:	T_NESTED_MULTIPLE_LINE_COMMENT_END LEVEL:	6
[INFO][LEXER]LINE:	79	VALUE:	*/		TOKEN:	T_NESTED_MULTIPLE_LINE_COMMENT_END LEVEL:	5
[INFO][LEXER]LINE:	80	VALUE:	*/		TOKEN:	T_NESTED_MULTIPLE_LINE_COMMENT_END LEVEL:	4
[INFO][LEXER]LINE:	81	VALUE:	*/		TOKEN:	T_NESTED_MULTIPLE_LINE_COMMENT_END LEVEL:	3
[INFO][LEXER]LINE:	82	VALUE:	*/		TOKEN:	T_NESTED_MULTIPLE_LINE_COMMENT_END LEVEL:	2
[INFO][LEXER]LINE:	83	VALUE:	*/		TOKEN:	T_NESTED_MULTIPLE_LINE_COMMENT_END LEVEL:	1
[INFO][LEXER]LINE:	84	VALUE:	*/		TOKEN:	T_MULTIPLE_LINE_COMMENT_END
[INFO][LEXER]LINE:	86	VALUE:	//		TOKEN:	T_SINGLE_LINE_COMMENT
[INFO][LEXER]LINE:	89	VALUE:	//		TOKEN:	T_SINGLE_LINE_COMMENT
[INFO][LEXER]LINE:	101	VALUE:	//		TOKEN:	T_SINGLE_LINE_COMMENT
[INFO][LEXER]LINE:	105	VALUE:	/*		TOKEN:	T_MULTIPLE_LINE_COMMENT_START
[INFO][LEXER]LINE:	106	VALUE:	/*		TOKEN:	T_NESTED_MULTIPLE_LINE_COMMENT_START LEVEL:	1
[INFO][LEXER]LINE:	107	VALUE:	/*		TOKEN:	T_NESTED_MULTIPLE_LINE_COMMENT_START LEVEL:	2
[INFO][LEXER]LINE:	108	VALUE:	/*		TOKEN:	T_NESTED_MULTIPLE_LINE_COMMENT_START LEVEL:	3
[INFO][LEXER]LINE:	109	VALUE:	/*		TOKEN:	T_NESTED_MULTIPLE_LINE_COMMENT_START LEVEL:	4
[INFO][LEXER]LINE:	110	VALUE:	/*		TOKEN:	T_NESTED_MULTIPLE_LINE_COMMENT_START LEVEL:	5
[INFO][LEXER]LINE:	111	VALUE:	/*		TOKEN:	T_NESTED_MULTIPLE_LINE_COMMENT_START LEVEL:	6
[INFO][LEXER]LINE:	112	VALUE:	/*		TOKEN:	T_NESTED_MULTIPLE_LINE_COMMENT_START LEVEL:	7
[INFO][LEXER]LINE:	113	VALUE:	*/		TOKEN:	T_NESTED_MULTIPLE_LINE_COMMENT_END LEVEL:	7
[INFO][LEXER]LINE:	114	VALUE:	*/		TOKEN:	T_NESTED_MULTIPLE_LINE_COMMENT_END LEVEL:	6
[INFO][LEXER]LINE:	115	VALUE:	*/		TOKEN:	T_NESTED_MULTIPLE_LINE_COMMENT_END LEVEL:	5
