[SEVERE][LEXER]LINE:	87	VALUE:	~		TOKEN:	ERROR
[SEVERE][LEXER]LINE:	87	VALUE:	@		TOKEN:	ERROR
[SEVERE][LEXER]LINE:	87	VALUE:	#		TOKEN:	ERROR
[SEVERE][LEXER]LINE:	87	VALUE:	$		TOKEN:	ERROR
[SEVERE][LEXER]LINE:	87	VALUE:	%		TOKEN:	ERROR
[SEVERE][LEXER]LINE:	87	VALUE:	^		TOKEN:	ERROR
[SEVERE][LEXER]LINE:	87	VALUE:	&		TOKEN:	ERROR
[SEVERE][LEXER]LINE:	87	VALUE:	?		TOKEN:	ERROR
[SEVERE][LEXER]LINE:	87	VALUE:	|		TOKEN:	ERROR
[SEVERE][LEXER]LINE:	87	VALUE:	"		TOKEN:	ERROR
[SEVERE][LEXER]LINE:	87	VALUE:	"		TOKEN:	ERROR
[SEVERE][LEXER]LINE:	87	VALUE:	:		TOKEN:	ERROR
[SEVERE][LEXER]LINE:	87	VALUE:	'		TOKEN:	ERROR
[SEVERE][LEXER]LINE:	87	VALUE:	'		TOKEN:	ERROR
[SEVERE][LEXER]LINE:	87	VALUE:	_		TOKEN:	T_ERROR
[SEVERE][LEXER]LINE:	90	VALUE:	1.		TOKEN:	ERROR
[SEVERE][LEXER]LINE:	90	VALUE:	2.		TOKEN:	ERROR
[SEVERE][LEXER]LINE:	90	VALUE:	3.		TOKEN:	ERROR
[SEVERE][LEXER]LINE:	90	VALUE:	4.		TOKEN:	ERROR
[SEVERE][LEXER]LINE:	90	VALUE:	12.		TOKEN:	ERROR
[SEVERE][LEXER]LINE:	90	VALUE:	123.		TOKEN:	ERROR
[SEVERE][LEXER]LINE:	91	VALUE:	1000.		TOKEN:	ERROR
[SEVERE][LEXER]LINE:	92	VALUE:	200000.		TOKEN:	ERROR
[SEVERE][LEXER]LINE:	94	VALUE:	_		TOKEN:	T_ERROR
[SEVERE][LEXER]LINE:	95	VALUE:	_		TOKEN:	T_ERROR
[SEVERE][LEXER]LINE:	96	VALUE:	_		TOKEN:	T_ERROR
[SEVERE][LEXER]LINE:	97	VALUE:	_		TOKEN:	T_ERROR
[SEVERE][LEXER]LINE:	98	VALUE:	_		TOKEN:	T_ERROR
[SEVERE][LEXER]LINE:	99	VALUE:	_		TOKEN:	T_ERROR
[SEVERE][LEXER]LINE:	102	VALUE:	~		TOKEN:	ERROR
[SEVERE][LEXER]LINE:	102	VALUE:	@		TOKEN:	ERROR
[SEVERE][LEXER]LINE:	102	VALUE:	#		TOKEN:	ERROR
[SEVERE][LEXER]LINE:	102	VALUE:	$		TOKEN:	ERROR
[SEVERE][LEXER]LINE:	102	VALUE:	%		TOKEN:	ERROR
[SEVERE][LEXER]LINE:	102	VALUE:	^		TOKEN:	ERROR
[SEVERE][LEXER]LINE:	102	VALUE:	&		TOKEN:	ERROR
[SEVERE][LEXER]LINE:	102	VALUE:	"		TOKEN:	ERROR
[SEVERE][LEXER]LINE:	102	VALUE:	"		TOKEN:	ERROR
[SEVERE][LEXER]LINE:	102	VALUE:	'		TOKEN:	ERROR
[SEVERE][LEXER]LINE:	102	VALUE:	'		TOKEN:	ERROR
[SEVERE][LEXER]LINE:	102	VALUE:	?		TOKEN:	ERROR
[SEVERE][LEXER]LINE:	102	VALUE:	:		TOKEN:	ERROR
[SEVERE][LEXER]LINE:	102	VALUE:	_		TOKEN:	T_ERROR
[SEVERE][LEXER]LINE:	102	VALUE:	\		TOKEN:	ERROR
