[WARNING]REACHED END OF FILE
[INFO][SYNTAX]T_RESERVE_WORD_CLASS -> class
[INFO][SYNTAX]T_IDENTIFIER -> Foo
[INFO][SYNTAX]T_DEL_C_LPAREN -> {
[INFO][SYNTAX]varDecFunDef    -> EPSILON
[INFO][SYNTAX]T_DEL_C_RPAREN -> }
[INFO][SYNTAX]T_DEL_SEMICOLON -> ;
[INFO][SYNTAX]classDecl        -> class id { varDecFunDef } ;
[INFO][SYNTAX]classDeclList    -> EPSILON
[INFO][SYNTAX]classDeclList    -> classDecl classDeclList
[INFO][SYNTAX]T_IDENTIFIER -> program
[INFO][SYNTAX]T_DEL_C_LPAREN -> {
[INFO][SYNTAX]type            -> int
[INFO][SYNTAX]T_IDENTIFIER -> num
[INFO][SYNTAX]arraySizeList ->  EPSILON
[INFO][SYNTAX]T_DEL_SEMICOLON -> ;
[INFO][SYNTAX]T_IDENTIFIER -> num_
[INFO][SYNTAX]indiceList -> EPSILON
[INFO][SYNTAX]dotIdNest -> EPSILON
[INFO][SYNTAX]T_OP_ASSIGN_EQUAL -> =
[INFO][SYNTAX]num            -> T_INTEGER
[INFO][SYNTAX]factor -> num
[WARNING]REACHED END OF FILE
