[INFO][LEXER]LINE:	2	VALUE:	a		TOKEN:	T_IDENTIFIER
[INFO][LEXER]LINE:	2	VALUE:	b		TOKEN:	T_IDENTIFIER
[INFO][LEXER]LINE:	2	VALUE:	c		TOKEN:	T_IDENTIFIER
[INFO][LEXER]LINE:	2	VALUE:	d		TOKEN:	T_IDENTIFIER
[INFO][LEXER]LINE:	2	VALUE:	e		TOKEN:	T_IDENTIFIER
[INFO][LEXER]LINE:	2	VALUE:	f		TOKEN:	T_IDENTIFIER
[INFO][LEXER]LINE:	2	VALUE:	g		TOKEN:	T_IDENTIFIER
[INFO][LEXER]LINE:	2	VALUE:	h		TOKEN:	T_IDENTIFIER
[INFO][LEXER]LINE:	2	VALUE:	i		TOKEN:	T_IDENTIFIER
[INFO][LEXER]LINE:	2	VALUE:	j		TOKEN:	T_IDENTIFIER
[INFO][LEXER]LINE:	4	VALUE:	aa		TOKEN:	T_IDENTIFIER
[INFO][LEXER]LINE:	4	VALUE:	abc		TOKEN:	T_IDENTIFIER
[INFO][LEXER]LINE:	6	VALUE:	a01		TOKEN:	T_IDENTIFIER
[INFO][LEXER]LINE:	6	VALUE:	a000a		TOKEN:	T_IDENTIFIER
[INFO][LEXER]LINE:	6	VALUE:	asdfoo000111		TOKEN:	T_IDENTIFIER
[INFO][LEXER]LINE:	6	VALUE:	aaAKD		TOKEN:	T_IDENTIFIER
[INFO][LEXER]LINE:	9	VALUE:	IF		TOKEN:	T_IDENTIFIER
[INFO][LEXER]LINE:	9	VALUE:	ELSE		TOKEN:	T_IDENTIFIER
[INFO][LEXER]LINE:	9	VALUE:	THEN		TOKEN:	T_IDENTIFIER
[INFO][LEXER]LINE:	9	VALUE:	FOR		TOKEN:	T_IDENTIFIER
[INFO][LEXER]LINE:	9	VALUE:	INT		TOKEN:	T_IDENTIFIER
[INFO][LEXER]LINE:	9	VALUE:	GET		TOKEN:	T_IDENTIFIER
[INFO][LEXER]LINE:	9	VALUE:	PUT		TOKEN:	T_IDENTIFIER
[INFO][LEXER]LINE:	9	VALUE:	CLASS		TOKEN:	T_IDENTIFIER
[INFO][LEXER]LINE:	9	VALUE:	FLOAT		TOKEN:	T_IDENTIFIER
[INFO][LEXER]LINE:	9	VALUE:	INT		TOKEN:	T_IDENTIFIER
[INFO][LEXER]LINE:	9	VALUE:	RETURN		TOKEN:	T_IDENTIFIER
[INFO][LEXER]LINE:	10	VALUE:	iF		TOKEN:	T_IDENTIFIER
[INFO][LEXER]LINE:	10	VALUE:	Else		TOKEN:	T_IDENTIFIER
[INFO][LEXER]LINE:	10	VALUE:	TheN		TOKEN:	T_IDENTIFIER
[INFO][LEXER]LINE:	10	VALUE:	foR		TOKEN:	T_IDENTIFIER
[INFO][LEXER]LINE:	10	VALUE:	InT		TOKEN:	T_IDENTIFIER
[INFO][LEXER]LINE:	10	VALUE:	geT		TOKEN:	T_IDENTIFIER
[INFO][LEXER]LINE:	10	VALUE:	pUt		TOKEN:	T_IDENTIFIER
[INFO][LEXER]LINE:	10	VALUE:	cLaSs		TOKEN:	T_IDENTIFIER
[INFO][LEXER]LINE:	10	VALUE:	floaT		TOKEN:	T_IDENTIFIER
[INFO][LEXER]LINE:	10	VALUE:	inT		TOKEN:	T_IDENTIFIER
[INFO][LEXER]LINE:	10	VALUE:	returN		TOKEN:	T_IDENTIFIER
[INFO][LEXER]LINE:	13	VALUE:	AND		TOKEN:	T_IDENTIFIER
[INFO][LEXER]LINE:	13	VALUE:	NOT		TOKEN:	T_IDENTIFIER
[INFO][LEXER]LINE:	13	VALUE:	OR		TOKEN:	T_IDENTIFIER
[INFO][LEXER]LINE:	14	VALUE:	anD		TOKEN:	T_IDENTIFIER
[INFO][LEXER]LINE:	14	VALUE:	noT		TOKEN:	T_IDENTIFIER
[INFO][LEXER]LINE:	14	VALUE:	oR		TOKEN:	T_IDENTIFIER
[INFO][LEXER]LINE:	15	VALUE:	ANd		TOKEN:	T_IDENTIFIER
[INFO][LEXER]LINE:	15	VALUE:	NOt		TOKEN:	T_IDENTIFIER
[INFO][LEXER]LINE:	15	VALUE:	Or		TOKEN:	T_IDENTIFIER
[INFO][LEXER]LINE:	19	VALUE:	a_		TOKEN:	T_IDENTIFIER
[INFO][LEXER]LINE:	21	VALUE:	b_a0_		TOKEN:	T_IDENTIFIER
[INFO][LEXER]LINE:	23	VALUE:	ss_		TOKEN:	T_IDENTIFIER
[INFO][LEXER]LINE:	25	VALUE:	a0_a		TOKEN:	T_IDENTIFIER
[INFO][LEXER]LINE:	27	VALUE:	a_a_a_a		TOKEN:	T_IDENTIFIER
[INFO][LEXER]LINE:	29	VALUE:	anvb_asdf		TOKEN:	T_IDENTIFIER
[INFO][LEXER]LINE:	31	VALUE:	jakdshnf_0001		TOKEN:	T_IDENTIFIER
[INFO][LEXER]LINE:	33	VALUE:	a00001_01		TOKEN:	T_IDENTIFIER
[INFO][LEXER]LINE:	35	VALUE:	sad		TOKEN:	T_IDENTIFIER
[INFO][LEXER]LINE:	36	VALUE:	sadasszdsa		TOKEN:	T_IDENTIFIER
[INFO][LEXER]LINE:	37	VALUE:	sadsadsa23232		TOKEN:	T_IDENTIFIER
[INFO][LEXER]LINE:	38	VALUE:	sadsad		TOKEN:	T_IDENTIFIER
[INFO][LEXER]LINE:	39	VALUE:	sads_		TOKEN:	T_IDENTIFIER
[INFO][LEXER]LINE:	40	VALUE:	sdsad98_		TOKEN:	T_IDENTIFIER
[INFO][LEXER]LINE:	41	VALUE:	sds_98797		TOKEN:	T_IDENTIFIER
[INFO][LEXER]LINE:	45	VALUE:	0		TOKEN:	T_INTEGER
[INFO][LEXER]LINE:	45	VALUE:	1		TOKEN:	T_INTEGER
[INFO][LEXER]LINE:	45	VALUE:	2		TOKEN:	T_INTEGER
[INFO][LEXER]LINE:	45	VALUE:	3		TOKEN:	T_INTEGER
[INFO][LEXER]LINE:	45	VALUE:	4		TOKEN:	T_INTEGER
[INFO][LEXER]LINE:	45	VALUE:	5		TOKEN:	T_INTEGER
[INFO][LEXER]LINE:	45	VALUE:	6		TOKEN:	T_INTEGER
[INFO][LEXER]LINE:	45	VALUE:	7		TOKEN:	T_INTEGER
[INFO][LEXER]LINE:	45	VALUE:	8		TOKEN:	T_INTEGER
[INFO][LEXER]LINE:	45	VALUE:	9		TOKEN:	T_INTEGER
[INFO][LEXER]LINE:	48	VALUE:	10		TOKEN:	T_INTEGER
[INFO][LEXER]LINE:	48	VALUE:	12		TOKEN:	T_INTEGER
[INFO][LEXER]LINE:	48	VALUE:	123		TOKEN:	T_INTEGER
[INFO][LEXER]LINE:	48	VALUE:	1234		TOKEN:	T_INTEGER
[INFO][LEXER]LINE:	48	VALUE:	12399		TOKEN:	T_INTEGER
[INFO][LEXER]LINE:	48	VALUE:	990099		TOKEN:	T_INTEGER
[INFO][LEXER]LINE:	48	VALUE:	1000000001		TOKEN:	T_INTEGER
[INFO][LEXER]LINE:	51	VALUE:	0.0		TOKEN:	T_FLOAT
[INFO][LEXER]LINE:	53	VALUE:	0.1		TOKEN:	T_FLOAT
[INFO][LEXER]LINE:	53	VALUE:	0.001		TOKEN:	T_FLOAT
[INFO][LEXER]LINE:	53	VALUE:	0.002		TOKEN:	T_FLOAT
[INFO][LEXER]LINE:	53	VALUE:	0.000101		TOKEN:	T_FLOAT
[INFO][LEXER]LINE:	55	VALUE:	9.001		TOKEN:	T_FLOAT
[INFO][LEXER]LINE:	55	VALUE:	11.01		TOKEN:	T_FLOAT
[INFO][LEXER]LINE:	55	VALUE:	1000.00001		TOKEN:	T_FLOAT
[INFO][LEXER]LINE:	57	VALUE:	999900.00000010001		TOKEN:	T_FLOAT
[INFO][LEXER]LINE:	59	VALUE:	10		TOKEN:	T_INTEGER
[INFO][LEXER]LINE:	59	VALUE:	,		TOKEN:	T_DEL_COMMA
[INFO][LEXER]LINE:	59	VALUE:	20		TOKEN:	T_INTEGER
[INFO][LEXER]LINE:	59	VALUE:	,		TOKEN:	T_DEL_COMMA
[INFO][LEXER]LINE:	59	VALUE:	30		TOKEN:	T_INTEGER
[INFO][LEXER]LINE:	59	VALUE:	,		TOKEN:	T_DEL_COMMA
[INFO][LEXER]LINE:	59	VALUE:	40		TOKEN:	T_INTEGER
[INFO][LEXER]LINE:	59	VALUE:	,		TOKEN:	T_DEL_COMMA
[INFO][LEXER]LINE:	59	VALUE:	0		TOKEN:	T_INTEGER
[INFO][LEXER]LINE:	59	VALUE:	,		TOKEN:	T_DEL_COMMA
[INFO][LEXER]LINE:	59	VALUE:	1		TOKEN:	T_INTEGER
[INFO][LEXER]LINE:	59	VALUE:	,		TOKEN:	T_DEL_COMMA
[INFO][LEXER]LINE:	59	VALUE:	0		TOKEN:	T_INTEGER
[INFO][LEXER]LINE:	59	VALUE:	,		TOKEN:	T_DEL_COMMA
[INFO][LEXER]LINE:	59	VALUE:	200		TOKEN:	T_INTEGER
[INFO][LEXER]LINE:	59	VALUE:	,		TOKEN:	T_DEL_COMMA
[INFO][LEXER]LINE:	59	VALUE:	2000		TOKEN:	T_INTEGER
[INFO][LEXER]LINE:	59	VALUE:	,		TOKEN:	T_DEL_COMMA
[INFO][LEXER]LINE:	59	VALUE:	1230		TOKEN:	T_INTEGER
[INFO][LEXER]LINE:	59	VALUE:	,		TOKEN:	T_DEL_COMMA
[INFO][LEXER]LINE:	59	VALUE:	100.0		TOKEN:	T_FLOAT
[INFO][LEXER]LINE:	59	VALUE:	0		TOKEN:	T_INTEGER
[INFO][LEXER]LINE:	59	VALUE:	,		TOKEN:	T_DEL_COMMA
[INFO][LEXER]LINE:	59	VALUE:	0.001		TOKEN:	T_FLOAT
[INFO][LEXER]LINE:	59	VALUE:	,		TOKEN:	T_DEL_COMMA
[INFO][LEXER]LINE:	59	VALUE:	0.12		TOKEN:	T_FLOAT
[INFO][LEXER]LINE:	59	VALUE:	,		TOKEN:	T_DEL_COMMA
[INFO][LEXER]LINE:	59	VALUE:	0.0002		TOKEN:	T_FLOAT
[INFO][LEXER]LINE:	59	VALUE:	,		TOKEN:	T_DEL_COMMA
[INFO][LEXER]LINE:	59	VALUE:	0.001		TOKEN:	T_FLOAT
[INFO][LEXER]LINE:	59	VALUE:	,		TOKEN:	T_DEL_COMMA
[INFO][LEXER]LINE:	59	VALUE:	1.0		TOKEN:	T_FLOAT
[INFO][LEXER]LINE:	59	VALUE:	0.1		TOKEN:	T_FLOAT
[INFO][LEXER]LINE:	59	VALUE:	,		TOKEN:	T_DEL_COMMA
[INFO][LEXER]LINE:	59	VALUE:	0.0		TOKEN:	T_FLOAT
[INFO][LEXER]LINE:	59	VALUE:	0.0		TOKEN:	T_FLOAT
[INFO][LEXER]LINE:	59	VALUE:	0.12		TOKEN:	T_FLOAT
[INFO][LEXER]LINE:	59	VALUE:	,		TOKEN:	T_DEL_COMMA
[INFO][LEXER]LINE:	59	VALUE:	1.0		TOKEN:	T_FLOAT
[INFO][LEXER]LINE:	59	VALUE:	0		TOKEN:	T_INTEGER
[INFO][LEXER]LINE:	59	VALUE:	,		TOKEN:	T_DEL_COMMA
[INFO][LEXER]LINE:	59	VALUE:	1.0		TOKEN:	T_FLOAT
[INFO][LEXER]LINE:	59	VALUE:	0		TOKEN:	T_INTEGER
[INFO][LEXER]LINE:	59	VALUE:	,		TOKEN:	T_DEL_COMMA
[INFO][LEXER]LINE:	59	VALUE:	1.00123		TOKEN:	T_FLOAT
[INFO][LEXER]LINE:	61	VALUE:	1001.002		TOKEN:	T_FLOAT
[INFO][LEXER]LINE:	61	VALUE:	0.003		TOKEN:	T_FLOAT
[INFO][LEXER]LINE:	65	VALUE:	if		TOKEN:	T_RESERVE_WORD_IF
[INFO][LEXER]LINE:	65	VALUE:	then		TOKEN:	T_RESERVE_WORD_THEN
[INFO][LEXER]LINE:	65	VALUE:	for		TOKEN:	T_RESERVE_WORD_FOR
[INFO][LEXER]LINE:	65	VALUE:	else		TOKEN:	T_RESERVE_WORD_ELSE
[INFO][LEXER]LINE:	65	VALUE:	int		TOKEN:	T_RESERVE_WORD_INT
[INFO][LEXER]LINE:	65	VALUE:	float		TOKEN:	T_RESERVE_WORD_FLOAT
[INFO][LEXER]LINE:	65	VALUE:	get		TOKEN:	T_RESERVE_WORD_GET
[INFO][LEXER]LINE:	65	VALUE:	put		TOKEN:	T_RESERVE_WORD_PUT
[INFO][LEXER]LINE:	65	VALUE:	return		TOKEN:	T_RESERVE_WORD_RETURN
[INFO][LEXER]LINE:	68	VALUE:	==		TOKEN:	T_OP_REL_EQUAL
[INFO][LEXER]LINE:	68	VALUE:	<>		TOKEN:	T_OP_REL_EQUAL
[INFO][LEXER]LINE:	68	VALUE:	<		TOKEN:	T_OP_REL_LESSTHAN
[INFO][LEXER]LINE:	68	VALUE:	>		TOKEN:	T_OP_REL_GREATERTHAN
[INFO][LEXER]LINE:	68	VALUE:	<=		TOKEN:	T_OP_REL_LESSTHAN_EQUAL
[INFO][LEXER]LINE:	68	VALUE:	>=		TOKEN:	T_OP_REL_GREATERTHAN_EQUAL
[INFO][LEXER]LINE:	71	VALUE:	=		TOKEN:	T_OP_ASSIGN_EQUAL
[INFO][LEXER]LINE:	74	VALUE:	and		TOKEN:	T_LOGICAL_AND
[INFO][LEXER]LINE:	74	VALUE:	or		TOKEN:	T_LOGICAL_OR
[INFO][LEXER]LINE:	74	VALUE:	not		TOKEN:	T_LOGICAL_NOT
[INFO][LEXER]LINE:	77	VALUE:	+		TOKEN:	T_OP_ADD
[INFO][LEXER]LINE:	77	VALUE:	-		TOKEN:	T_OP_SUB
[INFO][LEXER]LINE:	77	VALUE:	*		TOKEN:	T_OP_MUL
[INFO][LEXER]LINE:	77	VALUE:	/		TOKEN:	T_OP_DIV
[INFO][LEXER]LINE:	80	VALUE:	(		TOKEN:	T_DEL_R_LPAREN
[INFO][LEXER]LINE:	80	VALUE:	)		TOKEN:	T_DEL_R_RPAREN
[INFO][LEXER]LINE:	80	VALUE:	{		TOKEN:	T_DEL_C_LPAREN
[INFO][LEXER]LINE:	80	VALUE:	}		TOKEN:	T_DEL_C_RPAREN
[INFO][LEXER]LINE:	80	VALUE:	[		TOKEN:	T_DEL_S_LPAREN
[INFO][LEXER]LINE:	80	VALUE:	]		TOKEN:	T_DEL_S_RPAREN
[INFO][LEXER]LINE:	80	VALUE:	;		TOKEN:	T_DEL_SEMICOLON
[INFO][LEXER]LINE:	80	VALUE:	,		TOKEN:	T_DEL_COMMA
[INFO][LEXER]LINE:	80	VALUE:	.		TOKEN:	T_DEL_DOT
[INFO][LEXER]LINE:	83	VALUE:	0		TOKEN:	T_INTEGER
[INFO][LEXER]LINE:	83	VALUE:	1		TOKEN:	T_INTEGER
[INFO][LEXER]LINE:	83	VALUE:	2		TOKEN:	T_INTEGER
[INFO][LEXER]LINE:	83	VALUE:	3		TOKEN:	T_INTEGER
[INFO][LEXER]LINE:	83	VALUE:	4		TOKEN:	T_INTEGER
[INFO][LEXER]LINE:	83	VALUE:	5		TOKEN:	T_INTEGER
[INFO][LEXER]LINE:	83	VALUE:	6		TOKEN:	T_INTEGER
[INFO][LEXER]LINE:	83	VALUE:	7		TOKEN:	T_INTEGER
[INFO][LEXER]LINE:	83	VALUE:	8		TOKEN:	T_INTEGER
[INFO][LEXER]LINE:	83	VALUE:	9		TOKEN:	T_INTEGER
[INFO][LEXER]LINE:	86	VALUE:	10		TOKEN:	T_INTEGER
[INFO][LEXER]LINE:	86	VALUE:	12		TOKEN:	T_INTEGER
[INFO][LEXER]LINE:	86	VALUE:	123		TOKEN:	T_INTEGER
[INFO][LEXER]LINE:	86	VALUE:	1234		TOKEN:	T_INTEGER
[INFO][LEXER]LINE:	86	VALUE:	12399		TOKEN:	T_INTEGER
[INFO][LEXER]LINE:	86	VALUE:	990099		TOKEN:	T_INTEGER
[INFO][LEXER]LINE:	86	VALUE:	1000000001		TOKEN:	T_INTEGER
[INFO][LEXER]LINE:	89	VALUE:	0.0		TOKEN:	T_FLOAT
[INFO][LEXER]LINE:	91	VALUE:	0.1		TOKEN:	T_FLOAT
[INFO][LEXER]LINE:	91	VALUE:	0.001		TOKEN:	T_FLOAT
[INFO][LEXER]LINE:	91	VALUE:	0.002		TOKEN:	T_FLOAT
[INFO][LEXER]LINE:	91	VALUE:	0.000101		TOKEN:	T_FLOAT
[INFO][LEXER]LINE:	93	VALUE:	9.001		TOKEN:	T_FLOAT
[INFO][LEXER]LINE:	93	VALUE:	11.01		TOKEN:	T_FLOAT
[INFO][LEXER]LINE:	93	VALUE:	1000.00001		TOKEN:	T_FLOAT
[INFO][LEXER]LINE:	95	VALUE:	999900.00000010001		TOKEN:	T_FLOAT
[WARNING][LEXER]LINE:	95	VALUE:	$		TOKEN:	T_EOF
